maze_img       #00 [bare            ] correct=False    2.5s
maze_img       #00 [self_consist    ] correct=False    0.8s
maze_img       #00 [verifier_guided ] correct=False    1.7s
maze_img       #00 [whiteboard      ] correct=False    0.1s
maze_img       #01 [bare            ] correct=False    3.4s
maze_img       #01 [self_consist    ] correct=False    1.2s
maze_img       #01 [verifier_guided ] correct=False    1.0s
maze_img       #01 [whiteboard      ] correct=False    0.2s
maze_img       #02 [bare            ] correct=False    3.4s
maze_img       #02 [self_consist    ] correct=False    0.4s
maze_img       #02 [verifier_guided ] correct=False    3.1s
maze_img       #02 [whiteboard      ] correct=False    0.2s
maze_img       #03 [bare            ] correct=False    3.3s
maze_img       #03 [self_consist    ] correct=False    2.1s
maze_img       #03 [verifier_guided ] correct=False    1.2s
maze_img       #03 [whiteboard      ] correct=False    0.2s
maze_img       #04 [bare            ] correct=False    2.3s
maze_img       #04 [self_consist    ] correct=False    0.7s
maze_img       #04 [verifier_guided ] correct=False    1.0s
maze_img       #04 [whiteboard      ] correct=False    0.2s
maze_txt       #00 [bare            ] correct=False    2.1s
maze_txt       #00 [self_consist    ] correct=False    0.6s
maze_txt       #00 [verifier_guided ] correct=False    2.0s
maze_txt       #00 [whiteboard      ] correct=False    0.2s
maze_txt       #01 [bare            ] correct=False    2.2s
maze_txt       #01 [self_consist    ] correct=False    0.6s
maze_txt       #01 [verifier_guided ] correct=False    1.4s
maze_txt       #01 [whiteboard      ] correct=False    0.2s
maze_txt       #02 [bare            ] correct=False    2.1s
maze_txt       #02 [self_consist    ] correct=False    0.4s
maze_txt       #02 [verifier_guided ] correct=False    0.9s
maze_txt       #02 [whiteboard      ] correct=False    0.2s
maze_txt       #03 [bare            ] correct=False    2.1s
maze_txt       #03 [self_consist    ] correct=False    0.4s
maze_txt       #03 [verifier_guided ] correct=False    0.9s
maze_txt       #03 [whiteboard      ] correct=False    0.3s
maze_txt       #04 [bare            ] correct=False    2.1s
maze_txt       #04 [self_consist    ] correct=False    0.3s
maze_txt       #04 [verifier_guided ] correct=False    1.0s
maze_txt       #04 [whiteboard      ] correct=False    0.2s
fold1_img      #00 [bare            ] correct=False    1.3s
fold1_img      #00 [self_consist    ] correct=False    0.1s
fold1_img      #00 [verifier_guided ] correct=False    0.8s
fold1_img      #00 [whiteboard      ] correct=False    0.3s
fold1_img      #01 [bare            ] correct=False    1.4s
fold1_img      #01 [self_consist    ] correct=False    0.2s
fold1_img      #01 [verifier_guided ] correct=False    0.6s
fold1_img      #01 [whiteboard      ] correct=False    0.3s
fold1_img      #02 [bare            ] correct=False    0.1s
fold1_img      #02 [self_consist    ] correct=False    0.2s
fold1_img      #02 [verifier_guided ] correct=False    0.4s
fold1_img      #02 [whiteboard      ] correct=False    0.3s
fold1_img      #03 [bare            ] correct=False    1.3s
fold1_img      #03 [self_consist    ] correct=False    0.2s
fold1_img      #03 [verifier_guided ] correct=False    0.4s
fold1_img      #03 [whiteboard      ] correct=False    0.3s
fold1_img      #04 [bare            ] correct=False    1.3s
fold1_img      #04 [self_consist    ] correct=False    0.2s
fold1_img      #04 [verifier_guided ] correct=False    0.6s
fold1_img      #04 [whiteboard      ] correct=False    0.3s
fold1_txt      #00 [bare            ] correct=False    0.2s
fold1_txt      #00 [self_consist    ] correct=False    0.1s
fold1_txt      #00 [verifier_guided ] correct=False    0.6s
fold1_txt      #00 [whiteboard      ] correct=False    0.3s
fold1_txt      #01 [bare            ] correct=False    0.2s
fold1_txt      #01 [self_consist    ] correct=False    0.4s
fold1_txt      #01 [verifier_guided ] correct=False    0.7s
fold1_txt      #01 [whiteboard      ] correct=False    0.2s
fold1_txt      #02 [bare            ] correct=False    0.0s
fold1_txt      #02 [self_consist    ] correct=False    0.3s
fold1_txt      #02 [verifier_guided ] correct=False    0.7s
fold1_txt      #02 [whiteboard      ] correct=False    0.3s
fold1_txt      #03 [bare            ] correct=False    0.1s
fold1_txt      #03 [self_consist    ] correct=False    0.1s
fold1_txt      #03 [verifier_guided ] correct=False    0.4s
fold1_txt      #03 [whiteboard      ] correct=False    0.3s
fold1_txt      #04 [bare            ] correct=False    0.1s
fold1_txt      #04 [self_consist    ] correct=False    0.1s
fold1_txt      #04 [verifier_guided ] correct=False    0.7s
fold1_txt      #04 [whiteboard      ] correct=False    0.2s
fold2_img      #00 [bare            ] correct=False    1.3s
fold2_img      #00 [self_consist    ] correct=False    0.1s
fold2_img      #00 [verifier_guided ] correct=False    0.3s
fold2_img      #00 [whiteboard      ] correct=False    0.3s
fold2_img      #01 [bare            ] correct=False    1.3s
fold2_img      #01 [self_consist    ] correct=False    0.3s
fold2_img      #01 [verifier_guided ] correct=False    0.6s
fold2_img      #01 [whiteboard      ] correct=False    0.3s
fold2_img      #02 [bare            ] correct=False    0.0s
fold2_img      #02 [self_consist    ] correct=False    0.1s
fold2_img      #02 [verifier_guided ] correct=False    0.3s
fold2_img      #02 [whiteboard      ] correct=False    0.3s
fold2_img      #03 [bare            ] correct=False    1.3s
fold2_img      #03 [self_consist    ] correct=False    0.1s
fold2_img      #03 [verifier_guided ] correct=False    0.3s
fold2_img      #03 [whiteboard      ] correct=False    0.3s
fold2_img      #04 [bare            ] correct=False    1.3s
fold2_img      #04 [self_consist    ] correct=False    0.2s
fold2_img      #04 [verifier_guided ] correct=False    0.3s
fold2_img      #04 [whiteboard      ] correct=False    0.3s
fold2_txt      #00 [bare            ] correct=False    0.2s
fold2_txt      #00 [self_consist    ] correct=False    0.1s
fold2_txt      #00 [verifier_guided ] correct=False    0.5s
fold2_txt      #00 [whiteboard      ] correct=False    0.3s
fold2_txt      #01 [bare            ] correct=False    0.2s
fold2_txt      #01 [self_consist    ] correct=False    0.1s
fold2_txt      #01 [verifier_guided ] correct=False    0.3s
fold2_txt      #01 [whiteboard      ] correct=False    0.3s
fold2_txt      #02 [bare            ] correct=False    0.0s
fold2_txt      #02 [self_consist    ] correct=False    0.2s
fold2_txt      #02 [verifier_guided ] correct=False    0.3s
fold2_txt      #02 [whiteboard      ] correct=False    0.3s
fold2_txt      #03 [bare            ] correct=False    0.1s
fold2_txt      #03 [self_consist    ] correct=False    0.5s
fold2_txt      #03 [verifier_guided ] correct=False    0.6s
fold2_txt      #03 [whiteboard      ] correct=False    0.3s
fold2_txt      #04 [bare            ] correct=False    0.1s
fold2_txt      #04 [self_consist    ] correct=False    0.6s
fold2_txt      #04 [verifier_guided ] correct=False    0.5s
fold2_txt      #04 [whiteboard      ] correct=False    0.2s
